0 info it worked if it ends with ok
1 verbose cli [ 'C:\\Program Files (x86)\\nodejs\\node.exe',
1 verbose cli   'C:\\Users\\jcbatista\\AppData\\Roaming\\npm\\node_modules\\npm\\bin\\npm-cli.js',
1 verbose cli   'run',
1 verbose cli   'nodemon' ]
2 info using npm@3.10.9
3 info using node@v7.9.0
4 verbose run-script [ 'prenodemon', 'nodemon', 'postnodemon' ]
5 info lifecycle varejo.beckend@0.0.1~prenodemon: varejo.beckend@0.0.1
6 silly lifecycle varejo.beckend@0.0.1~prenodemon: no script for prenodemon, continuing
7 info lifecycle varejo.beckend@0.0.1~nodemon: varejo.beckend@0.0.1
8 verbose lifecycle varejo.beckend@0.0.1~nodemon: unsafe-perm in lifecycle true
9 verbose lifecycle varejo.beckend@0.0.1~nodemon: PATH: C:\Users\jcbatista\AppData\Roaming\npm\node_modules\npm\bin\node-gyp-bin;D:\trabalho_backend\api01\API-swagger-nodejs\node_modules\.bin;C:\Program Files\Broadcom\Broadcom 802.11 Network Adapter\Driver;C:\ProgramData\Oracle\Java\javapath;C:\Windows\system32;C:\Windows;C:\Windows\System32\Wbem;C:\Windows\System32\WindowsPowerShell\v1.0\;%USERPROFILE%\.dnx\bin;C:\Program Files\Microsoft DNX\Dnvm\;C:\Program Files\Microsoft SQL Server\120\Tools\Binn\;C:\Program Files (x86)\Windows Kits\10\Windows Performance Toolkit\;C:\Program Files\TortoiseSVN\bin;C:\Program Files\Microsoft SQL Server\Client SDK\ODBC\110\Tools\Binn\;C:\Program Files (x86)\Microsoft SQL Server\120\Tools\Binn\;C:\Program Files\Microsoft SQL Server\120\DTS\Binn\;C:\Program Files (x86)\Microsoft SQL Server\120\Tools\Binn\ManagementStudio\;C:\Program Files (x86)\Microsoft SQL Server\120\DTS\Binn\;C:\Program Files\Intel\WiFi\bin\;C:\Program Files\Common Files\Intel\WirelessCommon\;C:\Program Files\Git\cmd;C:\Program Files\SourceGear\Common\DiffMerge\;C:\Program Files (x86)\Skype\Phone\;C:\Program Files\MySQL\MySQL Utilities 1.6\;C:\Program Files (x86)\nodejs\;C:\xampp\php;C:\ProgramData\ComposerSetup\bin;set ANDROID_HOME=C:\\C:\Program Files (x86)\Android\android-sdk;C:\Program Files (x86)\Android\android-sdk\platform-tools;C:\Program Files (x86)\Android\android-sdk\tools;C:\Program Files\Java\jdk1.8.0_65\bin;C:\Program Files (x86)\Microsoft VS Code\bin;C:\Users\jcbatista\AppData\Roaming\npm;C:\Users\jcbatista\AppData\Roaming\Composer\vendor\bin;C:\Program Files\Docker Toolbox
10 verbose lifecycle varejo.beckend@0.0.1~nodemon: CWD: D:\trabalho_backend\api01\API-swagger-nodejs
11 silly lifecycle varejo.beckend@0.0.1~nodemon: Args: [ '/d /s /c', 'nodemon ./bin/www' ]
12 silly lifecycle varejo.beckend@0.0.1~nodemon: Returned: code: 3221225786  signal: null
13 info lifecycle varejo.beckend@0.0.1~nodemon: Failed to exec nodemon script
14 verbose stack Error: varejo.beckend@0.0.1 nodemon: `nodemon ./bin/www`
14 verbose stack Exit status 3221225786
14 verbose stack     at EventEmitter.<anonymous> (C:\Users\jcbatista\AppData\Roaming\npm\node_modules\npm\lib\utils\lifecycle.js:255:16)
14 verbose stack     at emitTwo (events.js:106:13)
14 verbose stack     at EventEmitter.emit (events.js:194:7)
14 verbose stack     at ChildProcess.<anonymous> (C:\Users\jcbatista\AppData\Roaming\npm\node_modules\npm\lib\utils\spawn.js:40:14)
14 verbose stack     at emitTwo (events.js:106:13)
14 verbose stack     at ChildProcess.emit (events.js:194:7)
14 verbose stack     at maybeClose (internal/child_process.js:899:16)
14 verbose stack     at Process.ChildProcess._handle.onexit (internal/child_process.js:226:5)
15 verbose pkgid varejo.beckend@0.0.1
16 verbose cwd D:\trabalho_backend\api01\API-swagger-nodejs
17 error Windows_NT 6.3.9600
18 error argv "C:\\Program Files (x86)\\nodejs\\node.exe" "C:\\Users\\jcbatista\\AppData\\Roaming\\npm\\node_modules\\npm\\bin\\npm-cli.js" "run" "nodemon"
19 error node v7.9.0
20 error npm  v3.10.9
21 error code ELIFECYCLE
22 error varejo.beckend@0.0.1 nodemon: `nodemon ./bin/www`
22 error Exit status 3221225786
23 error Failed at the varejo.beckend@0.0.1 nodemon script 'nodemon ./bin/www'.
23 error Make sure you have the latest version of node.js and npm installed.
23 error If you do, this is most likely a problem with the varejo.beckend package,
23 error not with npm itself.
23 error Tell the author that this fails on your system:
23 error     nodemon ./bin/www
23 error You can get information on how to open an issue for this project with:
23 error     npm bugs varejo.beckend
23 error Or if that isn't available, you can get their info via:
23 error     npm owner ls varejo.beckend
23 error There is likely additional logging output above.
24 verbose exit [ 1, true ]
